<?xml version="1.0" encoding="UTF-8"?>
<testsuite xmlns:xsi="http://www.w3.org/2001/XMLSchema-instance" xsi:noNamespaceSchemaLocation="https://maven.apache.org/surefire/maven-surefire-plugin/xsd/surefire-test-report.xsd" name="com.time.blog.BlogSpringbootApplicationTests" time="3.367" tests="1" errors="0" skipped="0" failures="0">
  <properties>
    <property name="gopherProxySet" value="false"/>
    <property name="awt.toolkit" value="sun.lwawt.macosx.LWCToolkit"/>
    <property name="file.encoding.pkg" value="sun.io"/>
    <property name="java.specification.version" value="1.8"/>
    <property name="sun.cpu.isalist" value=""/>
    <property name="sun.jnu.encoding" value="UTF-8"/>
    <property name="java.class.path" value="/Users/majianwei/Desktop/blog/blog-springboot/target/test-classes:/Users/majianwei/Desktop/blog/blog-springboot/target/classes:/Users/majianwei/devTools/apache-maven-3.8.1/repository/org/springframework/boot/spring-boot-starter/2.7.10/spring-boot-starter-2.7.10.jar:/Users/majianwei/devTools/apache-maven-3.8.1/repository/org/springframework/boot/spring-boot/2.7.10/spring-boot-2.7.10.jar:/Users/majianwei/devTools/apache-maven-3.8.1/repository/org/springframework/spring-context/5.3.26/spring-context-5.3.26.jar:/Users/majianwei/devTools/apache-maven-3.8.1/repository/org/springframework/boot/spring-boot-autoconfigure/2.7.10/spring-boot-autoconfigure-2.7.10.jar:/Users/majianwei/devTools/apache-maven-3.8.1/repository/org/springframework/boot/spring-boot-starter-logging/2.7.10/spring-boot-starter-logging-2.7.10.jar:/Users/majianwei/devTools/apache-maven-3.8.1/repository/ch/qos/logback/logback-classic/1.2.11/logback-classic-1.2.11.jar:/Users/majianwei/devTools/apache-maven-3.8.1/repository/ch/qos/logback/logback-core/1.2.11/logback-core-1.2.11.jar:/Users/majianwei/devTools/apache-maven-3.8.1/repository/org/apache/logging/log4j/log4j-to-slf4j/2.17.2/log4j-to-slf4j-2.17.2.jar:/Users/majianwei/devTools/apache-maven-3.8.1/repository/org/apache/logging/log4j/log4j-api/2.17.2/log4j-api-2.17.2.jar:/Users/majianwei/devTools/apache-maven-3.8.1/repository/org/slf4j/jul-to-slf4j/1.7.36/jul-to-slf4j-1.7.36.jar:/Users/majianwei/devTools/apache-maven-3.8.1/repository/jakarta/annotation/jakarta.annotation-api/1.3.5/jakarta.annotation-api-1.3.5.jar:/Users/majianwei/devTools/apache-maven-3.8.1/repository/org/springframework/spring-core/5.3.26/spring-core-5.3.26.jar:/Users/majianwei/devTools/apache-maven-3.8.1/repository/org/springframework/spring-jcl/5.3.26/spring-jcl-5.3.26.jar:/Users/majianwei/devTools/apache-maven-3.8.1/repository/org/yaml/snakeyaml/1.30/snakeyaml-1.30.jar:/Users/majianwei/devTools/apache-maven-3.8.1/repository/org/springframework/boot/spring-boot-starter-test/2.7.10/spring-boot-starter-test-2.7.10.jar:/Users/majianwei/devTools/apache-maven-3.8.1/repository/org/springframework/boot/spring-boot-test/2.7.10/spring-boot-test-2.7.10.jar:/Users/majianwei/devTools/apache-maven-3.8.1/repository/org/springframework/boot/spring-boot-test-autoconfigure/2.7.10/spring-boot-test-autoconfigure-2.7.10.jar:/Users/majianwei/devTools/apache-maven-3.8.1/repository/com/jayway/jsonpath/json-path/2.7.0/json-path-2.7.0.jar:/Users/majianwei/devTools/apache-maven-3.8.1/repository/net/minidev/json-smart/2.4.10/json-smart-2.4.10.jar:/Users/majianwei/devTools/apache-maven-3.8.1/repository/net/minidev/accessors-smart/2.4.9/accessors-smart-2.4.9.jar:/Users/majianwei/devTools/apache-maven-3.8.1/repository/org/ow2/asm/asm/9.3/asm-9.3.jar:/Users/majianwei/devTools/apache-maven-3.8.1/repository/jakarta/xml/bind/jakarta.xml.bind-api/2.3.3/jakarta.xml.bind-api-2.3.3.jar:/Users/majianwei/devTools/apache-maven-3.8.1/repository/jakarta/activation/jakarta.activation-api/1.2.2/jakarta.activation-api-1.2.2.jar:/Users/majianwei/devTools/apache-maven-3.8.1/repository/org/assertj/assertj-core/3.22.0/assertj-core-3.22.0.jar:/Users/majianwei/devTools/apache-maven-3.8.1/repository/org/hamcrest/hamcrest/2.2/hamcrest-2.2.jar:/Users/majianwei/devTools/apache-maven-3.8.1/repository/org/junit/jupiter/junit-jupiter/5.8.2/junit-jupiter-5.8.2.jar:/Users/majianwei/devTools/apache-maven-3.8.1/repository/org/junit/jupiter/junit-jupiter-api/5.8.2/junit-jupiter-api-5.8.2.jar:/Users/majianwei/devTools/apache-maven-3.8.1/repository/org/opentest4j/opentest4j/1.2.0/opentest4j-1.2.0.jar:/Users/majianwei/devTools/apache-maven-3.8.1/repository/org/junit/platform/junit-platform-commons/1.8.2/junit-platform-commons-1.8.2.jar:/Users/majianwei/devTools/apache-maven-3.8.1/repository/org/apiguardian/apiguardian-api/1.1.2/apiguardian-api-1.1.2.jar:/Users/majianwei/devTools/apache-maven-3.8.1/repository/org/junit/jupiter/junit-jupiter-params/5.8.2/junit-jupiter-params-5.8.2.jar:/Users/majianwei/devTools/apache-maven-3.8.1/repository/org/junit/jupiter/junit-jupiter-engine/5.8.2/junit-jupiter-engine-5.8.2.jar:/Users/majianwei/devTools/apache-maven-3.8.1/repository/org/junit/platform/junit-platform-engine/1.8.2/junit-platform-engine-1.8.2.jar:/Users/majianwei/devTools/apache-maven-3.8.1/repository/org/mockito/mockito-core/4.5.1/mockito-core-4.5.1.jar:/Users/majianwei/devTools/apache-maven-3.8.1/repository/net/bytebuddy/byte-buddy/1.12.23/byte-buddy-1.12.23.jar:/Users/majianwei/devTools/apache-maven-3.8.1/repository/net/bytebuddy/byte-buddy-agent/1.12.23/byte-buddy-agent-1.12.23.jar:/Users/majianwei/devTools/apache-maven-3.8.1/repository/org/objenesis/objenesis/3.2/objenesis-3.2.jar:/Users/majianwei/devTools/apache-maven-3.8.1/repository/org/mockito/mockito-junit-jupiter/4.5.1/mockito-junit-jupiter-4.5.1.jar:/Users/majianwei/devTools/apache-maven-3.8.1/repository/org/skyscreamer/jsonassert/1.5.1/jsonassert-1.5.1.jar:/Users/majianwei/devTools/apache-maven-3.8.1/repository/com/vaadin/external/google/android-json/0.0.20131108.vaadin1/android-json-0.0.20131108.vaadin1.jar:/Users/majianwei/devTools/apache-maven-3.8.1/repository/org/springframework/spring-test/5.3.26/spring-test-5.3.26.jar:/Users/majianwei/devTools/apache-maven-3.8.1/repository/org/xmlunit/xmlunit-core/2.9.1/xmlunit-core-2.9.1.jar:/Users/majianwei/devTools/apache-maven-3.8.1/repository/org/springframework/boot/spring-boot-starter-web/2.7.10/spring-boot-starter-web-2.7.10.jar:/Users/majianwei/devTools/apache-maven-3.8.1/repository/org/springframework/boot/spring-boot-starter-json/2.7.10/spring-boot-starter-json-2.7.10.jar:/Users/majianwei/devTools/apache-maven-3.8.1/repository/com/fasterxml/jackson/datatype/jackson-datatype-jdk8/2.13.5/jackson-datatype-jdk8-2.13.5.jar:/Users/majianwei/devTools/apache-maven-3.8.1/repository/com/fasterxml/jackson/datatype/jackson-datatype-jsr310/2.13.5/jackson-datatype-jsr310-2.13.5.jar:/Users/majianwei/devTools/apache-maven-3.8.1/repository/com/fasterxml/jackson/module/jackson-module-parameter-names/2.13.5/jackson-module-parameter-names-2.13.5.jar:/Users/majianwei/devTools/apache-maven-3.8.1/repository/org/springframework/boot/spring-boot-starter-tomcat/2.7.10/spring-boot-starter-tomcat-2.7.10.jar:/Users/majianwei/devTools/apache-maven-3.8.1/repository/org/apache/tomcat/embed/tomcat-embed-core/9.0.73/tomcat-embed-core-9.0.73.jar:/Users/majianwei/devTools/apache-maven-3.8.1/repository/org/apache/tomcat/embed/tomcat-embed-el/9.0.73/tomcat-embed-el-9.0.73.jar:/Users/majianwei/devTools/apache-maven-3.8.1/repository/org/apache/tomcat/embed/tomcat-embed-websocket/9.0.73/tomcat-embed-websocket-9.0.73.jar:/Users/majianwei/devTools/apache-maven-3.8.1/repository/org/springframework/spring-web/5.3.26/spring-web-5.3.26.jar:/Users/majianwei/devTools/apache-maven-3.8.1/repository/org/springframework/spring-beans/5.3.26/spring-beans-5.3.26.jar:/Users/majianwei/devTools/apache-maven-3.8.1/repository/org/springframework/spring-webmvc/5.3.26/spring-webmvc-5.3.26.jar:/Users/majianwei/devTools/apache-maven-3.8.1/repository/org/springframework/spring-expression/5.3.26/spring-expression-5.3.26.jar:/Users/majianwei/devTools/apache-maven-3.8.1/repository/org/springframework/boot/spring-boot-starter-security/2.7.10/spring-boot-starter-security-2.7.10.jar:/Users/majianwei/devTools/apache-maven-3.8.1/repository/org/springframework/spring-aop/5.3.26/spring-aop-5.3.26.jar:/Users/majianwei/devTools/apache-maven-3.8.1/repository/org/springframework/security/spring-security-config/5.7.7/spring-security-config-5.7.7.jar:/Users/majianwei/devTools/apache-maven-3.8.1/repository/org/springframework/security/spring-security-core/5.7.7/spring-security-core-5.7.7.jar:/Users/majianwei/devTools/apache-maven-3.8.1/repository/org/springframework/security/spring-security-crypto/5.7.7/spring-security-crypto-5.7.7.jar:/Users/majianwei/devTools/apache-maven-3.8.1/repository/org/springframework/security/spring-security-web/5.7.7/spring-security-web-5.7.7.jar:/Users/majianwei/devTools/apache-maven-3.8.1/repository/org/springframework/boot/spring-boot-starter-aop/2.7.10/spring-boot-starter-aop-2.7.10.jar:/Users/majianwei/devTools/apache-maven-3.8.1/repository/org/aspectj/aspectjweaver/1.9.7/aspectjweaver-1.9.7.jar:/Users/majianwei/devTools/apache-maven-3.8.1/repository/org/projectlombok/lombok/1.18.24/lombok-1.18.24.jar:/Users/majianwei/devTools/apache-maven-3.8.1/repository/org/springframework/boot/spring-boot-starter-jdbc/2.7.2/spring-boot-starter-jdbc-2.7.2.jar:/Users/majianwei/devTools/apache-maven-3.8.1/repository/com/zaxxer/HikariCP/4.0.3/HikariCP-4.0.3.jar:/Users/majianwei/devTools/apache-maven-3.8.1/repository/org/springframework/spring-jdbc/5.3.26/spring-jdbc-5.3.26.jar:/Users/majianwei/devTools/apache-maven-3.8.1/repository/org/springframework/spring-tx/5.3.26/spring-tx-5.3.26.jar:/Users/majianwei/devTools/apache-maven-3.8.1/repository/mysql/mysql-connector-java/8.0.30/mysql-connector-java-8.0.30.jar:/Users/majianwei/devTools/apache-maven-3.8.1/repository/com/google/protobuf/protobuf-java/3.19.4/protobuf-java-3.19.4.jar:/Users/majianwei/devTools/apache-maven-3.8.1/repository/org/mybatis/spring/boot/mybatis-spring-boot-starter/2.2.2/mybatis-spring-boot-starter-2.2.2.jar:/Users/majianwei/devTools/apache-maven-3.8.1/repository/org/mybatis/spring/boot/mybatis-spring-boot-autoconfigure/2.2.2/mybatis-spring-boot-autoconfigure-2.2.2.jar:/Users/majianwei/devTools/apache-maven-3.8.1/repository/org/mybatis/mybatis/3.5.9/mybatis-3.5.9.jar:/Users/majianwei/devTools/apache-maven-3.8.1/repository/org/mybatis/mybatis-spring/2.0.7/mybatis-spring-2.0.7.jar:/Users/majianwei/devTools/apache-maven-3.8.1/repository/com/google/guava/guava/31.1-jre/guava-31.1-jre.jar:/Users/majianwei/devTools/apache-maven-3.8.1/repository/com/google/guava/failureaccess/1.0.1/failureaccess-1.0.1.jar:/Users/majianwei/devTools/apache-maven-3.8.1/repository/com/google/guava/listenablefuture/9999.0-empty-to-avoid-conflict-with-guava/listenablefuture-9999.0-empty-to-avoid-conflict-with-guava.jar:/Users/majianwei/devTools/apache-maven-3.8.1/repository/com/google/code/findbugs/jsr305/3.0.2/jsr305-3.0.2.jar:/Users/majianwei/devTools/apache-maven-3.8.1/repository/org/checkerframework/checker-qual/3.12.0/checker-qual-3.12.0.jar:/Users/majianwei/devTools/apache-maven-3.8.1/repository/com/google/errorprone/error_prone_annotations/2.11.0/error_prone_annotations-2.11.0.jar:/Users/majianwei/devTools/apache-maven-3.8.1/repository/com/google/j2objc/j2objc-annotations/1.3/j2objc-annotations-1.3.jar:/Users/majianwei/devTools/apache-maven-3.8.1/repository/javax/persistence/javax.persistence-api/2.2/javax.persistence-api-2.2.jar:/Users/majianwei/devTools/apache-maven-3.8.1/repository/com/github/pagehelper/pagehelper-spring-boot-starter/1.3.0/pagehelper-spring-boot-starter-1.3.0.jar:/Users/majianwei/devTools/apache-maven-3.8.1/repository/com/github/pagehelper/pagehelper-spring-boot-autoconfigure/1.3.0/pagehelper-spring-boot-autoconfigure-1.3.0.jar:/Users/majianwei/devTools/apache-maven-3.8.1/repository/com/github/pagehelper/pagehelper/5.2.0/pagehelper-5.2.0.jar:/Users/majianwei/devTools/apache-maven-3.8.1/repository/com/github/jsqlparser/jsqlparser/3.2/jsqlparser-3.2.jar:/Users/majianwei/devTools/apache-maven-3.8.1/repository/io/springfox/springfox-boot-starter/3.0.0/springfox-boot-starter-3.0.0.jar:/Users/majianwei/devTools/apache-maven-3.8.1/repository/io/springfox/springfox-oas/3.0.0/springfox-oas-3.0.0.jar:/Users/majianwei/devTools/apache-maven-3.8.1/repository/io/swagger/core/v3/swagger-annotations/2.1.2/swagger-annotations-2.1.2.jar:/Users/majianwei/devTools/apache-maven-3.8.1/repository/io/swagger/core/v3/swagger-models/2.1.2/swagger-models-2.1.2.jar:/Users/majianwei/devTools/apache-maven-3.8.1/repository/io/springfox/springfox-spi/3.0.0/springfox-spi-3.0.0.jar:/Users/majianwei/devTools/apache-maven-3.8.1/repository/io/springfox/springfox-schema/3.0.0/springfox-schema-3.0.0.jar:/Users/majianwei/devTools/apache-maven-3.8.1/repository/io/springfox/springfox-core/3.0.0/springfox-core-3.0.0.jar:/Users/majianwei/devTools/apache-maven-3.8.1/repository/io/springfox/springfox-spring-web/3.0.0/springfox-spring-web-3.0.0.jar:/Users/majianwei/devTools/apache-maven-3.8.1/repository/io/github/classgraph/classgraph/4.8.83/classgraph-4.8.83.jar:/Users/majianwei/devTools/apache-maven-3.8.1/repository/io/springfox/springfox-spring-webmvc/3.0.0/springfox-spring-webmvc-3.0.0.jar:/Users/majianwei/devTools/apache-maven-3.8.1/repository/io/springfox/springfox-spring-webflux/3.0.0/springfox-spring-webflux-3.0.0.jar:/Users/majianwei/devTools/apache-maven-3.8.1/repository/io/springfox/springfox-swagger-common/3.0.0/springfox-swagger-common-3.0.0.jar:/Users/majianwei/devTools/apache-maven-3.8.1/repository/org/mapstruct/mapstruct/1.3.1.Final/mapstruct-1.3.1.Final.jar:/Users/majianwei/devTools/apache-maven-3.8.1/repository/io/springfox/springfox-data-rest/3.0.0/springfox-data-rest-3.0.0.jar:/Users/majianwei/devTools/apache-maven-3.8.1/repository/io/springfox/springfox-bean-validators/3.0.0/springfox-bean-validators-3.0.0.jar:/Users/majianwei/devTools/apache-maven-3.8.1/repository/io/springfox/springfox-swagger2/3.0.0/springfox-swagger2-3.0.0.jar:/Users/majianwei/devTools/apache-maven-3.8.1/repository/io/swagger/swagger-annotations/1.5.20/swagger-annotations-1.5.20.jar:/Users/majianwei/devTools/apache-maven-3.8.1/repository/io/swagger/swagger-models/1.5.20/swagger-models-1.5.20.jar:/Users/majianwei/devTools/apache-maven-3.8.1/repository/io/springfox/springfox-swagger-ui/3.0.0/springfox-swagger-ui-3.0.0.jar:/Users/majianwei/devTools/apache-maven-3.8.1/repository/com/fasterxml/classmate/1.5.1/classmate-1.5.1.jar:/Users/majianwei/devTools/apache-maven-3.8.1/repository/org/slf4j/slf4j-api/1.7.36/slf4j-api-1.7.36.jar:/Users/majianwei/devTools/apache-maven-3.8.1/repository/org/springframework/plugin/spring-plugin-core/2.0.0.RELEASE/spring-plugin-core-2.0.0.RELEASE.jar:/Users/majianwei/devTools/apache-maven-3.8.1/repository/org/springframework/plugin/spring-plugin-metadata/2.0.0.RELEASE/spring-plugin-metadata-2.0.0.RELEASE.jar:/Users/majianwei/devTools/apache-maven-3.8.1/repository/com/baomidou/mybatis-plus-boot-starter/3.4.3/mybatis-plus-boot-starter-3.4.3.jar:/Users/majianwei/devTools/apache-maven-3.8.1/repository/com/baomidou/mybatis-plus/3.4.3/mybatis-plus-3.4.3.jar:/Users/majianwei/devTools/apache-maven-3.8.1/repository/com/baomidou/mybatis-plus-extension/3.4.3/mybatis-plus-extension-3.4.3.jar:/Users/majianwei/devTools/apache-maven-3.8.1/repository/com/baomidou/mybatis-plus-core/3.4.3/mybatis-plus-core-3.4.3.jar:/Users/majianwei/devTools/apache-maven-3.8.1/repository/com/baomidou/mybatis-plus-annotation/3.4.3/mybatis-plus-annotation-3.4.3.jar:/Users/majianwei/devTools/apache-maven-3.8.1/repository/org/springframework/boot/spring-boot-starter-data-redis/2.7.10/spring-boot-starter-data-redis-2.7.10.jar:/Users/majianwei/devTools/apache-maven-3.8.1/repository/org/springframework/data/spring-data-redis/2.7.10/spring-data-redis-2.7.10.jar:/Users/majianwei/devTools/apache-maven-3.8.1/repository/org/springframework/data/spring-data-keyvalue/2.7.10/spring-data-keyvalue-2.7.10.jar:/Users/majianwei/devTools/apache-maven-3.8.1/repository/org/springframework/data/spring-data-commons/2.7.10/spring-data-commons-2.7.10.jar:/Users/majianwei/devTools/apache-maven-3.8.1/repository/org/springframework/spring-oxm/5.3.26/spring-oxm-5.3.26.jar:/Users/majianwei/devTools/apache-maven-3.8.1/repository/org/springframework/spring-context-support/5.3.26/spring-context-support-5.3.26.jar:/Users/majianwei/devTools/apache-maven-3.8.1/repository/io/lettuce/lettuce-core/6.1.10.RELEASE/lettuce-core-6.1.10.RELEASE.jar:/Users/majianwei/devTools/apache-maven-3.8.1/repository/io/netty/netty-common/4.1.90.Final/netty-common-4.1.90.Final.jar:/Users/majianwei/devTools/apache-maven-3.8.1/repository/io/netty/netty-handler/4.1.90.Final/netty-handler-4.1.90.Final.jar:/Users/majianwei/devTools/apache-maven-3.8.1/repository/io/netty/netty-resolver/4.1.90.Final/netty-resolver-4.1.90.Final.jar:/Users/majianwei/devTools/apache-maven-3.8.1/repository/io/netty/netty-buffer/4.1.90.Final/netty-buffer-4.1.90.Final.jar:/Users/majianwei/devTools/apache-maven-3.8.1/repository/io/netty/netty-transport-native-unix-common/4.1.90.Final/netty-transport-native-unix-common-4.1.90.Final.jar:/Users/majianwei/devTools/apache-maven-3.8.1/repository/io/netty/netty-codec/4.1.90.Final/netty-codec-4.1.90.Final.jar:/Users/majianwei/devTools/apache-maven-3.8.1/repository/io/netty/netty-transport/4.1.90.Final/netty-transport-4.1.90.Final.jar:/Users/majianwei/devTools/apache-maven-3.8.1/repository/io/projectreactor/reactor-core/3.4.28/reactor-core-3.4.28.jar:/Users/majianwei/devTools/apache-maven-3.8.1/repository/org/reactivestreams/reactive-streams/1.0.4/reactive-streams-1.0.4.jar:/Users/majianwei/devTools/apache-maven-3.8.1/repository/com/alibaba/fastjson/1.2.78/fastjson-1.2.78.jar:/Users/majianwei/devTools/apache-maven-3.8.1/repository/io/jsonwebtoken/jjwt/0.9.1/jjwt-0.9.1.jar:/Users/majianwei/devTools/apache-maven-3.8.1/repository/com/fasterxml/jackson/core/jackson-databind/2.13.5/jackson-databind-2.13.5.jar:/Users/majianwei/devTools/apache-maven-3.8.1/repository/org/apache/commons/commons-collections4/4.1/commons-collections4-4.1.jar:/Users/majianwei/devTools/apache-maven-3.8.1/repository/org/apache/commons/commons-text/1.9/commons-text-1.9.jar:/Users/majianwei/devTools/apache-maven-3.8.1/repository/org/apache/commons/commons-lang3/3.12.0/commons-lang3-3.12.0.jar:/Users/majianwei/devTools/apache-maven-3.8.1/repository/io/minio/minio/8.2.1/minio-8.2.1.jar:/Users/majianwei/devTools/apache-maven-3.8.1/repository/com/carrotsearch/thirdparty/simple-xml-safe/2.7.1/simple-xml-safe-2.7.1.jar:/Users/majianwei/devTools/apache-maven-3.8.1/repository/com/squareup/okhttp3/okhttp/4.9.3/okhttp-4.9.3.jar:/Users/majianwei/devTools/apache-maven-3.8.1/repository/com/squareup/okio/okio/2.8.0/okio-2.8.0.jar:/Users/majianwei/devTools/apache-maven-3.8.1/repository/org/jetbrains/kotlin/kotlin-stdlib-common/1.6.21/kotlin-stdlib-common-1.6.21.jar:/Users/majianwei/devTools/apache-maven-3.8.1/repository/org/jetbrains/kotlin/kotlin-stdlib/1.6.21/kotlin-stdlib-1.6.21.jar:/Users/majianwei/devTools/apache-maven-3.8.1/repository/org/jetbrains/annotations/13.0/annotations-13.0.jar:/Users/majianwei/devTools/apache-maven-3.8.1/repository/com/fasterxml/jackson/core/jackson-annotations/2.13.5/jackson-annotations-2.13.5.jar:/Users/majianwei/devTools/apache-maven-3.8.1/repository/com/fasterxml/jackson/core/jackson-core/2.13.5/jackson-core-2.13.5.jar:"/>
    <property name="java.vm.vendor" value="Azul Systems, Inc."/>
    <property name="sun.arch.data.model" value="64"/>
    <property name="java.vendor.url" value="http://www.azul.com/"/>
    <property name="user.timezone" value=""/>
    <property name="java.vm.specification.version" value="1.8"/>
    <property name="os.name" value="Mac OS X"/>
    <property name="user.country" value="CN"/>
    <property name="sun.java.launcher" value="SUN_STANDARD"/>
    <property name="sun.boot.library.path" value="/Library/Java/JavaVirtualMachines/zulu-8.jdk/Contents/Home/jre/lib"/>
    <property name="sun.java.command" value="/Users/majianwei/Desktop/blog/blog-springboot/target/surefire/surefirebooter8572705262203933524.jar /Users/majianwei/Desktop/blog/blog-springboot/target/surefire 2023-05-05T16-16-23_696-jvmRun1 surefire3822212577647169384tmp surefire_02096189183881463659tmp"/>
    <property name="surefire.test.class.path" value="/Users/majianwei/Desktop/blog/blog-springboot/target/test-classes:/Users/majianwei/Desktop/blog/blog-springboot/target/classes:/Users/majianwei/devTools/apache-maven-3.8.1/repository/org/springframework/boot/spring-boot-starter/2.7.10/spring-boot-starter-2.7.10.jar:/Users/majianwei/devTools/apache-maven-3.8.1/repository/org/springframework/boot/spring-boot/2.7.10/spring-boot-2.7.10.jar:/Users/majianwei/devTools/apache-maven-3.8.1/repository/org/springframework/spring-context/5.3.26/spring-context-5.3.26.jar:/Users/majianwei/devTools/apache-maven-3.8.1/repository/org/springframework/boot/spring-boot-autoconfigure/2.7.10/spring-boot-autoconfigure-2.7.10.jar:/Users/majianwei/devTools/apache-maven-3.8.1/repository/org/springframework/boot/spring-boot-starter-logging/2.7.10/spring-boot-starter-logging-2.7.10.jar:/Users/majianwei/devTools/apache-maven-3.8.1/repository/ch/qos/logback/logback-classic/1.2.11/logback-classic-1.2.11.jar:/Users/majianwei/devTools/apache-maven-3.8.1/repository/ch/qos/logback/logback-core/1.2.11/logback-core-1.2.11.jar:/Users/majianwei/devTools/apache-maven-3.8.1/repository/org/apache/logging/log4j/log4j-to-slf4j/2.17.2/log4j-to-slf4j-2.17.2.jar:/Users/majianwei/devTools/apache-maven-3.8.1/repository/org/apache/logging/log4j/log4j-api/2.17.2/log4j-api-2.17.2.jar:/Users/majianwei/devTools/apache-maven-3.8.1/repository/org/slf4j/jul-to-slf4j/1.7.36/jul-to-slf4j-1.7.36.jar:/Users/majianwei/devTools/apache-maven-3.8.1/repository/jakarta/annotation/jakarta.annotation-api/1.3.5/jakarta.annotation-api-1.3.5.jar:/Users/majianwei/devTools/apache-maven-3.8.1/repository/org/springframework/spring-core/5.3.26/spring-core-5.3.26.jar:/Users/majianwei/devTools/apache-maven-3.8.1/repository/org/springframework/spring-jcl/5.3.26/spring-jcl-5.3.26.jar:/Users/majianwei/devTools/apache-maven-3.8.1/repository/org/yaml/snakeyaml/1.30/snakeyaml-1.30.jar:/Users/majianwei/devTools/apache-maven-3.8.1/repository/org/springframework/boot/spring-boot-starter-test/2.7.10/spring-boot-starter-test-2.7.10.jar:/Users/majianwei/devTools/apache-maven-3.8.1/repository/org/springframework/boot/spring-boot-test/2.7.10/spring-boot-test-2.7.10.jar:/Users/majianwei/devTools/apache-maven-3.8.1/repository/org/springframework/boot/spring-boot-test-autoconfigure/2.7.10/spring-boot-test-autoconfigure-2.7.10.jar:/Users/majianwei/devTools/apache-maven-3.8.1/repository/com/jayway/jsonpath/json-path/2.7.0/json-path-2.7.0.jar:/Users/majianwei/devTools/apache-maven-3.8.1/repository/net/minidev/json-smart/2.4.10/json-smart-2.4.10.jar:/Users/majianwei/devTools/apache-maven-3.8.1/repository/net/minidev/accessors-smart/2.4.9/accessors-smart-2.4.9.jar:/Users/majianwei/devTools/apache-maven-3.8.1/repository/org/ow2/asm/asm/9.3/asm-9.3.jar:/Users/majianwei/devTools/apache-maven-3.8.1/repository/jakarta/xml/bind/jakarta.xml.bind-api/2.3.3/jakarta.xml.bind-api-2.3.3.jar:/Users/majianwei/devTools/apache-maven-3.8.1/repository/jakarta/activation/jakarta.activation-api/1.2.2/jakarta.activation-api-1.2.2.jar:/Users/majianwei/devTools/apache-maven-3.8.1/repository/org/assertj/assertj-core/3.22.0/assertj-core-3.22.0.jar:/Users/majianwei/devTools/apache-maven-3.8.1/repository/org/hamcrest/hamcrest/2.2/hamcrest-2.2.jar:/Users/majianwei/devTools/apache-maven-3.8.1/repository/org/junit/jupiter/junit-jupiter/5.8.2/junit-jupiter-5.8.2.jar:/Users/majianwei/devTools/apache-maven-3.8.1/repository/org/junit/jupiter/junit-jupiter-api/5.8.2/junit-jupiter-api-5.8.2.jar:/Users/majianwei/devTools/apache-maven-3.8.1/repository/org/opentest4j/opentest4j/1.2.0/opentest4j-1.2.0.jar:/Users/majianwei/devTools/apache-maven-3.8.1/repository/org/junit/platform/junit-platform-commons/1.8.2/junit-platform-commons-1.8.2.jar:/Users/majianwei/devTools/apache-maven-3.8.1/repository/org/apiguardian/apiguardian-api/1.1.2/apiguardian-api-1.1.2.jar:/Users/majianwei/devTools/apache-maven-3.8.1/repository/org/junit/jupiter/junit-jupiter-params/5.8.2/junit-jupiter-params-5.8.2.jar:/Users/majianwei/devTools/apache-maven-3.8.1/repository/org/junit/jupiter/junit-jupiter-engine/5.8.2/junit-jupiter-engine-5.8.2.jar:/Users/majianwei/devTools/apache-maven-3.8.1/repository/org/junit/platform/junit-platform-engine/1.8.2/junit-platform-engine-1.8.2.jar:/Users/majianwei/devTools/apache-maven-3.8.1/repository/org/mockito/mockito-core/4.5.1/mockito-core-4.5.1.jar:/Users/majianwei/devTools/apache-maven-3.8.1/repository/net/bytebuddy/byte-buddy/1.12.23/byte-buddy-1.12.23.jar:/Users/majianwei/devTools/apache-maven-3.8.1/repository/net/bytebuddy/byte-buddy-agent/1.12.23/byte-buddy-agent-1.12.23.jar:/Users/majianwei/devTools/apache-maven-3.8.1/repository/org/objenesis/objenesis/3.2/objenesis-3.2.jar:/Users/majianwei/devTools/apache-maven-3.8.1/repository/org/mockito/mockito-junit-jupiter/4.5.1/mockito-junit-jupiter-4.5.1.jar:/Users/majianwei/devTools/apache-maven-3.8.1/repository/org/skyscreamer/jsonassert/1.5.1/jsonassert-1.5.1.jar:/Users/majianwei/devTools/apache-maven-3.8.1/repository/com/vaadin/external/google/android-json/0.0.20131108.vaadin1/android-json-0.0.20131108.vaadin1.jar:/Users/majianwei/devTools/apache-maven-3.8.1/repository/org/springframework/spring-test/5.3.26/spring-test-5.3.26.jar:/Users/majianwei/devTools/apache-maven-3.8.1/repository/org/xmlunit/xmlunit-core/2.9.1/xmlunit-core-2.9.1.jar:/Users/majianwei/devTools/apache-maven-3.8.1/repository/org/springframework/boot/spring-boot-starter-web/2.7.10/spring-boot-starter-web-2.7.10.jar:/Users/majianwei/devTools/apache-maven-3.8.1/repository/org/springframework/boot/spring-boot-starter-json/2.7.10/spring-boot-starter-json-2.7.10.jar:/Users/majianwei/devTools/apache-maven-3.8.1/repository/com/fasterxml/jackson/datatype/jackson-datatype-jdk8/2.13.5/jackson-datatype-jdk8-2.13.5.jar:/Users/majianwei/devTools/apache-maven-3.8.1/repository/com/fasterxml/jackson/datatype/jackson-datatype-jsr310/2.13.5/jackson-datatype-jsr310-2.13.5.jar:/Users/majianwei/devTools/apache-maven-3.8.1/repository/com/fasterxml/jackson/module/jackson-module-parameter-names/2.13.5/jackson-module-parameter-names-2.13.5.jar:/Users/majianwei/devTools/apache-maven-3.8.1/repository/org/springframework/boot/spring-boot-starter-tomcat/2.7.10/spring-boot-starter-tomcat-2.7.10.jar:/Users/majianwei/devTools/apache-maven-3.8.1/repository/org/apache/tomcat/embed/tomcat-embed-core/9.0.73/tomcat-embed-core-9.0.73.jar:/Users/majianwei/devTools/apache-maven-3.8.1/repository/org/apache/tomcat/embed/tomcat-embed-el/9.0.73/tomcat-embed-el-9.0.73.jar:/Users/majianwei/devTools/apache-maven-3.8.1/repository/org/apache/tomcat/embed/tomcat-embed-websocket/9.0.73/tomcat-embed-websocket-9.0.73.jar:/Users/majianwei/devTools/apache-maven-3.8.1/repository/org/springframework/spring-web/5.3.26/spring-web-5.3.26.jar:/Users/majianwei/devTools/apache-maven-3.8.1/repository/org/springframework/spring-beans/5.3.26/spring-beans-5.3.26.jar:/Users/majianwei/devTools/apache-maven-3.8.1/repository/org/springframework/spring-webmvc/5.3.26/spring-webmvc-5.3.26.jar:/Users/majianwei/devTools/apache-maven-3.8.1/repository/org/springframework/spring-expression/5.3.26/spring-expression-5.3.26.jar:/Users/majianwei/devTools/apache-maven-3.8.1/repository/org/springframework/boot/spring-boot-starter-security/2.7.10/spring-boot-starter-security-2.7.10.jar:/Users/majianwei/devTools/apache-maven-3.8.1/repository/org/springframework/spring-aop/5.3.26/spring-aop-5.3.26.jar:/Users/majianwei/devTools/apache-maven-3.8.1/repository/org/springframework/security/spring-security-config/5.7.7/spring-security-config-5.7.7.jar:/Users/majianwei/devTools/apache-maven-3.8.1/repository/org/springframework/security/spring-security-core/5.7.7/spring-security-core-5.7.7.jar:/Users/majianwei/devTools/apache-maven-3.8.1/repository/org/springframework/security/spring-security-crypto/5.7.7/spring-security-crypto-5.7.7.jar:/Users/majianwei/devTools/apache-maven-3.8.1/repository/org/springframework/security/spring-security-web/5.7.7/spring-security-web-5.7.7.jar:/Users/majianwei/devTools/apache-maven-3.8.1/repository/org/springframework/boot/spring-boot-starter-aop/2.7.10/spring-boot-starter-aop-2.7.10.jar:/Users/majianwei/devTools/apache-maven-3.8.1/repository/org/aspectj/aspectjweaver/1.9.7/aspectjweaver-1.9.7.jar:/Users/majianwei/devTools/apache-maven-3.8.1/repository/org/projectlombok/lombok/1.18.24/lombok-1.18.24.jar:/Users/majianwei/devTools/apache-maven-3.8.1/repository/org/springframework/boot/spring-boot-starter-jdbc/2.7.2/spring-boot-starter-jdbc-2.7.2.jar:/Users/majianwei/devTools/apache-maven-3.8.1/repository/com/zaxxer/HikariCP/4.0.3/HikariCP-4.0.3.jar:/Users/majianwei/devTools/apache-maven-3.8.1/repository/org/springframework/spring-jdbc/5.3.26/spring-jdbc-5.3.26.jar:/Users/majianwei/devTools/apache-maven-3.8.1/repository/org/springframework/spring-tx/5.3.26/spring-tx-5.3.26.jar:/Users/majianwei/devTools/apache-maven-3.8.1/repository/mysql/mysql-connector-java/8.0.30/mysql-connector-java-8.0.30.jar:/Users/majianwei/devTools/apache-maven-3.8.1/repository/com/google/protobuf/protobuf-java/3.19.4/protobuf-java-3.19.4.jar:/Users/majianwei/devTools/apache-maven-3.8.1/repository/org/mybatis/spring/boot/mybatis-spring-boot-starter/2.2.2/mybatis-spring-boot-starter-2.2.2.jar:/Users/majianwei/devTools/apache-maven-3.8.1/repository/org/mybatis/spring/boot/mybatis-spring-boot-autoconfigure/2.2.2/mybatis-spring-boot-autoconfigure-2.2.2.jar:/Users/majianwei/devTools/apache-maven-3.8.1/repository/org/mybatis/mybatis/3.5.9/mybatis-3.5.9.jar:/Users/majianwei/devTools/apache-maven-3.8.1/repository/org/mybatis/mybatis-spring/2.0.7/mybatis-spring-2.0.7.jar:/Users/majianwei/devTools/apache-maven-3.8.1/repository/com/google/guava/guava/31.1-jre/guava-31.1-jre.jar:/Users/majianwei/devTools/apache-maven-3.8.1/repository/com/google/guava/failureaccess/1.0.1/failureaccess-1.0.1.jar:/Users/majianwei/devTools/apache-maven-3.8.1/repository/com/google/guava/listenablefuture/9999.0-empty-to-avoid-conflict-with-guava/listenablefuture-9999.0-empty-to-avoid-conflict-with-guava.jar:/Users/majianwei/devTools/apache-maven-3.8.1/repository/com/google/code/findbugs/jsr305/3.0.2/jsr305-3.0.2.jar:/Users/majianwei/devTools/apache-maven-3.8.1/repository/org/checkerframework/checker-qual/3.12.0/checker-qual-3.12.0.jar:/Users/majianwei/devTools/apache-maven-3.8.1/repository/com/google/errorprone/error_prone_annotations/2.11.0/error_prone_annotations-2.11.0.jar:/Users/majianwei/devTools/apache-maven-3.8.1/repository/com/google/j2objc/j2objc-annotations/1.3/j2objc-annotations-1.3.jar:/Users/majianwei/devTools/apache-maven-3.8.1/repository/javax/persistence/javax.persistence-api/2.2/javax.persistence-api-2.2.jar:/Users/majianwei/devTools/apache-maven-3.8.1/repository/com/github/pagehelper/pagehelper-spring-boot-starter/1.3.0/pagehelper-spring-boot-starter-1.3.0.jar:/Users/majianwei/devTools/apache-maven-3.8.1/repository/com/github/pagehelper/pagehelper-spring-boot-autoconfigure/1.3.0/pagehelper-spring-boot-autoconfigure-1.3.0.jar:/Users/majianwei/devTools/apache-maven-3.8.1/repository/com/github/pagehelper/pagehelper/5.2.0/pagehelper-5.2.0.jar:/Users/majianwei/devTools/apache-maven-3.8.1/repository/com/github/jsqlparser/jsqlparser/3.2/jsqlparser-3.2.jar:/Users/majianwei/devTools/apache-maven-3.8.1/repository/io/springfox/springfox-boot-starter/3.0.0/springfox-boot-starter-3.0.0.jar:/Users/majianwei/devTools/apache-maven-3.8.1/repository/io/springfox/springfox-oas/3.0.0/springfox-oas-3.0.0.jar:/Users/majianwei/devTools/apache-maven-3.8.1/repository/io/swagger/core/v3/swagger-annotations/2.1.2/swagger-annotations-2.1.2.jar:/Users/majianwei/devTools/apache-maven-3.8.1/repository/io/swagger/core/v3/swagger-models/2.1.2/swagger-models-2.1.2.jar:/Users/majianwei/devTools/apache-maven-3.8.1/repository/io/springfox/springfox-spi/3.0.0/springfox-spi-3.0.0.jar:/Users/majianwei/devTools/apache-maven-3.8.1/repository/io/springfox/springfox-schema/3.0.0/springfox-schema-3.0.0.jar:/Users/majianwei/devTools/apache-maven-3.8.1/repository/io/springfox/springfox-core/3.0.0/springfox-core-3.0.0.jar:/Users/majianwei/devTools/apache-maven-3.8.1/repository/io/springfox/springfox-spring-web/3.0.0/springfox-spring-web-3.0.0.jar:/Users/majianwei/devTools/apache-maven-3.8.1/repository/io/github/classgraph/classgraph/4.8.83/classgraph-4.8.83.jar:/Users/majianwei/devTools/apache-maven-3.8.1/repository/io/springfox/springfox-spring-webmvc/3.0.0/springfox-spring-webmvc-3.0.0.jar:/Users/majianwei/devTools/apache-maven-3.8.1/repository/io/springfox/springfox-spring-webflux/3.0.0/springfox-spring-webflux-3.0.0.jar:/Users/majianwei/devTools/apache-maven-3.8.1/repository/io/springfox/springfox-swagger-common/3.0.0/springfox-swagger-common-3.0.0.jar:/Users/majianwei/devTools/apache-maven-3.8.1/repository/org/mapstruct/mapstruct/1.3.1.Final/mapstruct-1.3.1.Final.jar:/Users/majianwei/devTools/apache-maven-3.8.1/repository/io/springfox/springfox-data-rest/3.0.0/springfox-data-rest-3.0.0.jar:/Users/majianwei/devTools/apache-maven-3.8.1/repository/io/springfox/springfox-bean-validators/3.0.0/springfox-bean-validators-3.0.0.jar:/Users/majianwei/devTools/apache-maven-3.8.1/repository/io/springfox/springfox-swagger2/3.0.0/springfox-swagger2-3.0.0.jar:/Users/majianwei/devTools/apache-maven-3.8.1/repository/io/swagger/swagger-annotations/1.5.20/swagger-annotations-1.5.20.jar:/Users/majianwei/devTools/apache-maven-3.8.1/repository/io/swagger/swagger-models/1.5.20/swagger-models-1.5.20.jar:/Users/majianwei/devTools/apache-maven-3.8.1/repository/io/springfox/springfox-swagger-ui/3.0.0/springfox-swagger-ui-3.0.0.jar:/Users/majianwei/devTools/apache-maven-3.8.1/repository/com/fasterxml/classmate/1.5.1/classmate-1.5.1.jar:/Users/majianwei/devTools/apache-maven-3.8.1/repository/org/slf4j/slf4j-api/1.7.36/slf4j-api-1.7.36.jar:/Users/majianwei/devTools/apache-maven-3.8.1/repository/org/springframework/plugin/spring-plugin-core/2.0.0.RELEASE/spring-plugin-core-2.0.0.RELEASE.jar:/Users/majianwei/devTools/apache-maven-3.8.1/repository/org/springframework/plugin/spring-plugin-metadata/2.0.0.RELEASE/spring-plugin-metadata-2.0.0.RELEASE.jar:/Users/majianwei/devTools/apache-maven-3.8.1/repository/com/baomidou/mybatis-plus-boot-starter/3.4.3/mybatis-plus-boot-starter-3.4.3.jar:/Users/majianwei/devTools/apache-maven-3.8.1/repository/com/baomidou/mybatis-plus/3.4.3/mybatis-plus-3.4.3.jar:/Users/majianwei/devTools/apache-maven-3.8.1/repository/com/baomidou/mybatis-plus-extension/3.4.3/mybatis-plus-extension-3.4.3.jar:/Users/majianwei/devTools/apache-maven-3.8.1/repository/com/baomidou/mybatis-plus-core/3.4.3/mybatis-plus-core-3.4.3.jar:/Users/majianwei/devTools/apache-maven-3.8.1/repository/com/baomidou/mybatis-plus-annotation/3.4.3/mybatis-plus-annotation-3.4.3.jar:/Users/majianwei/devTools/apache-maven-3.8.1/repository/org/springframework/boot/spring-boot-starter-data-redis/2.7.10/spring-boot-starter-data-redis-2.7.10.jar:/Users/majianwei/devTools/apache-maven-3.8.1/repository/org/springframework/data/spring-data-redis/2.7.10/spring-data-redis-2.7.10.jar:/Users/majianwei/devTools/apache-maven-3.8.1/repository/org/springframework/data/spring-data-keyvalue/2.7.10/spring-data-keyvalue-2.7.10.jar:/Users/majianwei/devTools/apache-maven-3.8.1/repository/org/springframework/data/spring-data-commons/2.7.10/spring-data-commons-2.7.10.jar:/Users/majianwei/devTools/apache-maven-3.8.1/repository/org/springframework/spring-oxm/5.3.26/spring-oxm-5.3.26.jar:/Users/majianwei/devTools/apache-maven-3.8.1/repository/org/springframework/spring-context-support/5.3.26/spring-context-support-5.3.26.jar:/Users/majianwei/devTools/apache-maven-3.8.1/repository/io/lettuce/lettuce-core/6.1.10.RELEASE/lettuce-core-6.1.10.RELEASE.jar:/Users/majianwei/devTools/apache-maven-3.8.1/repository/io/netty/netty-common/4.1.90.Final/netty-common-4.1.90.Final.jar:/Users/majianwei/devTools/apache-maven-3.8.1/repository/io/netty/netty-handler/4.1.90.Final/netty-handler-4.1.90.Final.jar:/Users/majianwei/devTools/apache-maven-3.8.1/repository/io/netty/netty-resolver/4.1.90.Final/netty-resolver-4.1.90.Final.jar:/Users/majianwei/devTools/apache-maven-3.8.1/repository/io/netty/netty-buffer/4.1.90.Final/netty-buffer-4.1.90.Final.jar:/Users/majianwei/devTools/apache-maven-3.8.1/repository/io/netty/netty-transport-native-unix-common/4.1.90.Final/netty-transport-native-unix-common-4.1.90.Final.jar:/Users/majianwei/devTools/apache-maven-3.8.1/repository/io/netty/netty-codec/4.1.90.Final/netty-codec-4.1.90.Final.jar:/Users/majianwei/devTools/apache-maven-3.8.1/repository/io/netty/netty-transport/4.1.90.Final/netty-transport-4.1.90.Final.jar:/Users/majianwei/devTools/apache-maven-3.8.1/repository/io/projectreactor/reactor-core/3.4.28/reactor-core-3.4.28.jar:/Users/majianwei/devTools/apache-maven-3.8.1/repository/org/reactivestreams/reactive-streams/1.0.4/reactive-streams-1.0.4.jar:/Users/majianwei/devTools/apache-maven-3.8.1/repository/com/alibaba/fastjson/1.2.78/fastjson-1.2.78.jar:/Users/majianwei/devTools/apache-maven-3.8.1/repository/io/jsonwebtoken/jjwt/0.9.1/jjwt-0.9.1.jar:/Users/majianwei/devTools/apache-maven-3.8.1/repository/com/fasterxml/jackson/core/jackson-databind/2.13.5/jackson-databind-2.13.5.jar:/Users/majianwei/devTools/apache-maven-3.8.1/repository/org/apache/commons/commons-collections4/4.1/commons-collections4-4.1.jar:/Users/majianwei/devTools/apache-maven-3.8.1/repository/org/apache/commons/commons-text/1.9/commons-text-1.9.jar:/Users/majianwei/devTools/apache-maven-3.8.1/repository/org/apache/commons/commons-lang3/3.12.0/commons-lang3-3.12.0.jar:/Users/majianwei/devTools/apache-maven-3.8.1/repository/io/minio/minio/8.2.1/minio-8.2.1.jar:/Users/majianwei/devTools/apache-maven-3.8.1/repository/com/carrotsearch/thirdparty/simple-xml-safe/2.7.1/simple-xml-safe-2.7.1.jar:/Users/majianwei/devTools/apache-maven-3.8.1/repository/com/squareup/okhttp3/okhttp/4.9.3/okhttp-4.9.3.jar:/Users/majianwei/devTools/apache-maven-3.8.1/repository/com/squareup/okio/okio/2.8.0/okio-2.8.0.jar:/Users/majianwei/devTools/apache-maven-3.8.1/repository/org/jetbrains/kotlin/kotlin-stdlib-common/1.6.21/kotlin-stdlib-common-1.6.21.jar:/Users/majianwei/devTools/apache-maven-3.8.1/repository/org/jetbrains/kotlin/kotlin-stdlib/1.6.21/kotlin-stdlib-1.6.21.jar:/Users/majianwei/devTools/apache-maven-3.8.1/repository/org/jetbrains/annotations/13.0/annotations-13.0.jar:/Users/majianwei/devTools/apache-maven-3.8.1/repository/com/fasterxml/jackson/core/jackson-annotations/2.13.5/jackson-annotations-2.13.5.jar:/Users/majianwei/devTools/apache-maven-3.8.1/repository/com/fasterxml/jackson/core/jackson-core/2.13.5/jackson-core-2.13.5.jar:"/>
    <property name="sun.cpu.endian" value="little"/>
    <property name="user.home" value="/Users/majianwei"/>
    <property name="user.language" value="zh"/>
    <property name="java.specification.vendor" value="Oracle Corporation"/>
    <property name="java.home" value="/Library/Java/JavaVirtualMachines/zulu-8.jdk/Contents/Home/jre"/>
    <property name="basedir" value="/Users/majianwei/Desktop/blog/blog-springboot"/>
    <property name="file.separator" value="/"/>
    <property name="line.separator" value="&#10;"/>
    <property name="jdk.vendor.version" value="Zulu 8.62.0.19-CA-macos-aarch64"/>
    <property name="java.vm.specification.vendor" value="Oracle Corporation"/>
    <property name="java.specification.name" value="Java Platform API Specification"/>
    <property name="java.awt.graphicsenv" value="sun.awt.CGraphicsEnvironment"/>
    <property name="surefire.real.class.path" value="/Users/majianwei/Desktop/blog/blog-springboot/target/surefire/surefirebooter8572705262203933524.jar"/>
    <property name="sun.boot.class.path" value="/Library/Java/JavaVirtualMachines/zulu-8.jdk/Contents/Home/jre/lib/resources.jar:/Library/Java/JavaVirtualMachines/zulu-8.jdk/Contents/Home/jre/lib/rt.jar:/Library/Java/JavaVirtualMachines/zulu-8.jdk/Contents/Home/jre/lib/sunrsasign.jar:/Library/Java/JavaVirtualMachines/zulu-8.jdk/Contents/Home/jre/lib/jsse.jar:/Library/Java/JavaVirtualMachines/zulu-8.jdk/Contents/Home/jre/lib/jce.jar:/Library/Java/JavaVirtualMachines/zulu-8.jdk/Contents/Home/jre/lib/charsets.jar:/Library/Java/JavaVirtualMachines/zulu-8.jdk/Contents/Home/jre/lib/jfr.jar:/Library/Java/JavaVirtualMachines/zulu-8.jdk/Contents/Home/jre/lib/cat.jar:/Library/Java/JavaVirtualMachines/zulu-8.jdk/Contents/Home/jre/classes"/>
    <property name="sun.management.compiler" value="HotSpot 64-Bit Tiered Compilers"/>
    <property name="java.runtime.version" value="1.8.0_332-b09"/>
    <property name="user.name" value="majianwei"/>
    <property name="path.separator" value=":"/>
    <property name="os.version" value="13.3.1"/>
    <property name="java.endorsed.dirs" value="/Library/Java/JavaVirtualMachines/zulu-8.jdk/Contents/Home/jre/lib/endorsed"/>
    <property name="java.runtime.name" value="OpenJDK Runtime Environment"/>
    <property name="file.encoding" value="UTF-8"/>
    <property name="java.vm.name" value="OpenJDK 64-Bit Server VM"/>
    <property name="localRepository" value="/Users/majianwei/devTools/apache-maven-3.8.1/repository"/>
    <property name="java.vendor.url.bug" value="http://www.azul.com/support/"/>
    <property name="java.io.tmpdir" value="/var/folders/kv/nd__jn456czfbm_h__fxtsc80000gn/T/"/>
    <property name="idea.version" value="2023.1"/>
    <property name="java.version" value="1.8.0_332"/>
    <property name="user.dir" value="/Users/majianwei/Desktop/blog/blog-springboot"/>
    <property name="os.arch" value="aarch64"/>
    <property name="java.vm.specification.name" value="Java Virtual Machine Specification"/>
    <property name="java.awt.printerjob" value="sun.lwawt.macosx.CPrinterJob"/>
    <property name="sun.os.patch.level" value="unknown"/>
    <property name="java.library.path" value="/Users/majianwei/Library/Java/Extensions:/Library/Java/Extensions:/Network/Library/Java/Extensions:/System/Library/Java/Extensions:/usr/lib/java:."/>
    <property name="java.vm.info" value="mixed mode"/>
    <property name="java.vendor" value="Azul Systems, Inc."/>
    <property name="java.vm.version" value="25.332-b09"/>
    <property name="java.ext.dirs" value="/Users/majianwei/Library/Java/Extensions:/Library/Java/JavaVirtualMachines/zulu-8.jdk/Contents/Home/jre/lib/ext:/Library/Java/Extensions:/Network/Library/Java/Extensions:/System/Library/Java/Extensions:/usr/lib/java"/>
    <property name="sun.io.unicode.encoding" value="UnicodeBig"/>
    <property name="maven.repo.local" value="/Users/majianwei/devTools/apache-maven-3.8.1/repository"/>
    <property name="java.class.version" value="52.0"/>
  </properties>
  <testcase name="contextLoads" classname="com.time.blog.BlogSpringbootApplicationTests" time="0.119"/>
</testsuite>